<?xml version="1.0" encoding="UTF-8"?><testsuite errors="0" failures="1" name="Automate transactions by payment methods" skipped="0" tests="1" time="62.13" timestamp="2023-11-07 12:09:31"><testcase name=""><failure message="Expected enabled element was not clickable" type="java.lang.AssertionError">Expected enabled element was not clickable</failure><system-err>Expected enabled element was not clickable&#13;
co.com.wompi.certification.tasks.EnterPSE.performAs(EnterPSE.java:43)&#13;
co.com.wompi.certification.stepdefinitions.StepDefinitionsPSE.theUserEnterAllDataNeccesary(StepDefinitionsPSE.java:36)&#13;
cucumber.runner.Runner.runPickle(Runner.java:80)&#13;
worker.org.gradle.process.internal.worker.GradleWorkerMain.run(GradleWorkerMain.java:69)&#13;
worker.org.gradle.process.internal.worker.GradleWorkerMain.main(GradleWorkerMain.java:74)&#13;
</system-err></testcase></testsuite>